<?xml version="1.0" encoding="UTF-8"?>
<robot generator="Robot 3.1.2 (Python 3.7.6 on win32)" generated="20200217 14:00:26.614" rpa="false">
<suite id="s1" name="X117Project" source="C:\Users\CXHD6031\eclipse-workspace\X117Project">
<suite id="s1-s1" name="Tests" source="C:\Users\CXHD6031\eclipse-workspace\X117Project\tests">
<suite id="s1-s1-s1" name="LoginWithFile" source="C:\Users\CXHD6031\eclipse-workspace\X117Project\tests\LoginWithFile.robot">
<kw name="Open my Browser" library="login_resource" type="setup">
<kw name="Open Browser" library="SeleniumLibrary">
<doc>Opens a new browser instance to the optional ``url``.</doc>
<arguments>
<arg>${URLlocal}</arg>
<arg>${browser}</arg>
</arguments>
<msg timestamp="20200217 14:00:27.004" level="INFO">Opening browser 'chrome' to base url 'http://127.0.0.1:8080/index.html?#/'.</msg>
<status status="PASS" starttime="20200217 14:00:27.003" endtime="20200217 14:00:30.878"></status>
</kw>
<kw name="Maximize Browser Window" library="SeleniumLibrary">
<doc>Maximizes current browser window.</doc>
<status status="PASS" starttime="20200217 14:00:30.879" endtime="20200217 14:00:31.169"></status>
</kw>
<status status="PASS" starttime="20200217 14:00:27.003" endtime="20200217 14:00:31.170"></status>
</kw>
<test id="s1-s1-s1-t1" name="LoginTest with username 01221111151 password 667037 for Role وكيل اول تفتيش فى التفتيش الفني">
<kw name="HappyLogin">
<arguments>
<arg>01221111151</arg>
<arg>667037</arg>
<arg>وكيل اول تفتيش فى التفتيش الفني</arg>
</arguments>
<kw name="Wait Until Page Contains Element" library="SeleniumLibrary">
<doc>Waits until the element ``locator`` appears on the current page.</doc>
<arguments>
<arg>id=submit</arg>
</arguments>
<status status="PASS" starttime="20200217 14:00:31.176" endtime="20200217 14:00:31.261"></status>
</kw>
<kw name="Wait For Condition" library="SeleniumLibrary">
<doc>Waits until ``condition`` is true or ``timeout`` expires.</doc>
<arguments>
<arg>return jQuery.active == 0</arg>
</arguments>
<status status="PASS" starttime="20200217 14:00:31.261" endtime="20200217 14:00:31.298"></status>
</kw>
<kw name="Input login username" library="login_resource">
<arguments>
<arg>${username}</arg>
</arguments>
<kw name="Input Text" library="SeleniumLibrary">
<doc>Types the given ``text`` into the text field identified by ``locator``.</doc>
<arguments>
<arg>id=phoneNumber</arg>
<arg>${username}</arg>
</arguments>
<msg timestamp="20200217 14:00:31.300" level="INFO">Typing text '01221111151' into text field 'id=phoneNumber'.</msg>
<status status="PASS" starttime="20200217 14:00:31.300" endtime="20200217 14:00:31.595"></status>
</kw>
<status status="PASS" starttime="20200217 14:00:31.299" endtime="20200217 14:00:31.595"></status>
</kw>
<kw name="Input login password" library="login_resource">
<arguments>
<arg>${password}</arg>
</arguments>
<kw name="Input Password" library="SeleniumLibrary">
<doc>Types the given password into the text field identified by ``locator``.</doc>
<arguments>
<arg>id=password</arg>
<arg>${password}</arg>
</arguments>
<msg timestamp="20200217 14:00:31.596" level="INFO">Typing password into text field 'id=password'.</msg>
<status status="PASS" starttime="20200217 14:00:31.596" endtime="20200217 14:00:31.768"></status>
</kw>
<status status="PASS" starttime="20200217 14:00:31.595" endtime="20200217 14:00:31.769"></status>
</kw>
<kw name="Click login btn" library="login_resource">
<kw name="Click Button" library="SeleniumLibrary">
<doc>Clicks the button identified by ``locator``.</doc>
<arguments>
<arg>id=submit</arg>
</arguments>
<msg timestamp="20200217 14:00:31.771" level="INFO">Clicking button 'id=submit'.</msg>
<status status="PASS" starttime="20200217 14:00:31.771" endtime="20200217 14:00:31.875"></status>
</kw>
<status status="PASS" starttime="20200217 14:00:31.769" endtime="20200217 14:00:31.875"></status>
</kw>
<kw name="Wait Until Page Contains Element" library="SeleniumLibrary">
<doc>Waits until the element ``locator`` appears on the current page.</doc>
<arguments>
<arg>id=audit</arg>
</arguments>
<status status="PASS" starttime="20200217 14:00:31.876" endtime="20200217 14:00:32.234"></status>
</kw>
<kw name="Wait For Condition" library="SeleniumLibrary">
<doc>Waits until ``condition`` is true or ``timeout`` expires.</doc>
<arguments>
<arg>return jQuery.active == 0</arg>
</arguments>
<status status="PASS" starttime="20200217 14:00:32.235" endtime="20200217 14:00:32.251"></status>
</kw>
<kw name="Assert on login for all users" library="login_resource">
<arguments>
<arg>${Role}</arg>
</arguments>
<kw name="Element Text Should Be" library="SeleniumLibrary">
<doc>Verifies that element ``locator`` contains exact the text ``expected``.</doc>
<arguments>
<arg>id=userRole</arg>
<arg>${Role}</arg>
</arguments>
<msg timestamp="20200217 14:00:32.254" level="INFO">Verifying element 'id=userRole' contains exact text 'وكيل اول تفتيش فى التفتيش الفني'.</msg>
<status status="PASS" starttime="20200217 14:00:32.253" endtime="20200217 14:00:32.320"></status>
</kw>
<status status="PASS" starttime="20200217 14:00:32.252" endtime="20200217 14:00:32.321"></status>
</kw>
<kw name="Click logout btn" library="login_resource">
<kw name="Click Element" library="SeleniumLibrary">
<doc>Click the element identified by ``locator``.</doc>
<arguments>
<arg>id=user_info</arg>
</arguments>
<msg timestamp="20200217 14:00:32.324" level="INFO">Clicking element 'id=user_info'.</msg>
<status status="PASS" starttime="20200217 14:00:32.322" endtime="20200217 14:00:32.415"></status>
</kw>
<kw name="Wait For Condition" library="SeleniumLibrary">
<doc>Waits until ``condition`` is true or ``timeout`` expires.</doc>
<arguments>
<arg>return jQuery.active == 0</arg>
</arguments>
<status status="PASS" starttime="20200217 14:00:32.416" endtime="20200217 14:00:32.424"></status>
</kw>
<kw name="Click Element" library="SeleniumLibrary">
<doc>Click the element identified by ``locator``.</doc>
<arguments>
<arg>id=logout</arg>
</arguments>
<msg timestamp="20200217 14:00:32.425" level="INFO">Clicking element 'id=logout'.</msg>
<status status="PASS" starttime="20200217 14:00:32.425" endtime="20200217 14:00:32.666"></status>
</kw>
<status status="PASS" starttime="20200217 14:00:32.321" endtime="20200217 14:00:32.667"></status>
</kw>
<status status="PASS" starttime="20200217 14:00:31.175" endtime="20200217 14:00:32.667"></status>
</kw>
<status status="PASS" starttime="20200217 14:00:31.171" endtime="20200217 14:00:32.668" critical="yes"></status>
</test>
<test id="s1-s1-s1-t2" name="LoginTest with username 01203335246 password 525440 for Role رئيس نيابه فى وسط القاهرة الكلية">
<kw name="HappyLogin">
<arguments>
<arg>01203335246</arg>
<arg>525440</arg>
<arg>رئيس نيابه فى وسط القاهرة الكلية</arg>
</arguments>
<kw name="Wait Until Page Contains Element" library="SeleniumLibrary">
<doc>Waits until the element ``locator`` appears on the current page.</doc>
<arguments>
<arg>id=submit</arg>
</arguments>
<status status="PASS" starttime="20200217 14:00:32.673" endtime="20200217 14:00:32.748"></status>
</kw>
<kw name="Wait For Condition" library="SeleniumLibrary">
<doc>Waits until ``condition`` is true or ``timeout`` expires.</doc>
<arguments>
<arg>return jQuery.active == 0</arg>
</arguments>
<status status="PASS" starttime="20200217 14:00:32.749" endtime="20200217 14:00:32.757"></status>
</kw>
<kw name="Input login username" library="login_resource">
<arguments>
<arg>${username}</arg>
</arguments>
<kw name="Input Text" library="SeleniumLibrary">
<doc>Types the given ``text`` into the text field identified by ``locator``.</doc>
<arguments>
<arg>id=phoneNumber</arg>
<arg>${username}</arg>
</arguments>
<msg timestamp="20200217 14:00:32.758" level="INFO">Typing text '01203335246' into text field 'id=phoneNumber'.</msg>
<status status="PASS" starttime="20200217 14:00:32.758" endtime="20200217 14:00:32.966"></status>
</kw>
<status status="PASS" starttime="20200217 14:00:32.757" endtime="20200217 14:00:32.967"></status>
</kw>
<kw name="Input login password" library="login_resource">
<arguments>
<arg>${password}</arg>
</arguments>
<kw name="Input Password" library="SeleniumLibrary">
<doc>Types the given password into the text field identified by ``locator``.</doc>
<arguments>
<arg>id=password</arg>
<arg>${password}</arg>
</arguments>
<msg timestamp="20200217 14:00:32.970" level="INFO">Typing password into text field 'id=password'.</msg>
<status status="PASS" starttime="20200217 14:00:32.969" endtime="20200217 14:00:33.141"></status>
</kw>
<status status="PASS" starttime="20200217 14:00:32.967" endtime="20200217 14:00:33.142"></status>
</kw>
<kw name="Click login btn" library="login_resource">
<kw name="Click Button" library="SeleniumLibrary">
<doc>Clicks the button identified by ``locator``.</doc>
<arguments>
<arg>id=submit</arg>
</arguments>
<msg timestamp="20200217 14:00:33.143" level="INFO">Clicking button 'id=submit'.</msg>
<status status="PASS" starttime="20200217 14:00:33.143" endtime="20200217 14:00:33.231"></status>
</kw>
<status status="PASS" starttime="20200217 14:00:33.142" endtime="20200217 14:00:33.231"></status>
</kw>
<kw name="Wait Until Page Contains Element" library="SeleniumLibrary">
<doc>Waits until the element ``locator`` appears on the current page.</doc>
<arguments>
<arg>id=audit</arg>
</arguments>
<status status="PASS" starttime="20200217 14:00:33.232" endtime="20200217 14:00:33.508"></status>
</kw>
<kw name="Wait For Condition" library="SeleniumLibrary">
<doc>Waits until ``condition`` is true or ``timeout`` expires.</doc>
<arguments>
<arg>return jQuery.active == 0</arg>
</arguments>
<status status="PASS" starttime="20200217 14:00:33.508" endtime="20200217 14:00:33.514"></status>
</kw>
<kw name="Assert on login for all users" library="login_resource">
<arguments>
<arg>${Role}</arg>
</arguments>
<kw name="Element Text Should Be" library="SeleniumLibrary">
<doc>Verifies that element ``locator`` contains exact the text ``expected``.</doc>
<arguments>
<arg>id=userRole</arg>
<arg>${Role}</arg>
</arguments>
<msg timestamp="20200217 14:00:33.516" level="INFO">Verifying element 'id=userRole' contains exact text 'رئيس نيابه فى وسط القاهرة الكلية'.</msg>
<status status="PASS" starttime="20200217 14:00:33.515" endtime="20200217 14:00:33.579"></status>
</kw>
<status status="PASS" starttime="20200217 14:00:33.514" endtime="20200217 14:00:33.580"></status>
</kw>
<kw name="Click logout btn" library="login_resource">
<kw name="Click Element" library="SeleniumLibrary">
<doc>Click the element identified by ``locator``.</doc>
<arguments>
<arg>id=user_info</arg>
</arguments>
<msg timestamp="20200217 14:00:33.582" level="INFO">Clicking element 'id=user_info'.</msg>
<status status="PASS" starttime="20200217 14:00:33.581" endtime="20200217 14:00:33.682"></status>
</kw>
<kw name="Wait For Condition" library="SeleniumLibrary">
<doc>Waits until ``condition`` is true or ``timeout`` expires.</doc>
<arguments>
<arg>return jQuery.active == 0</arg>
</arguments>
<status status="PASS" starttime="20200217 14:00:33.683" endtime="20200217 14:00:33.690"></status>
</kw>
<kw name="Click Element" library="SeleniumLibrary">
<doc>Click the element identified by ``locator``.</doc>
<arguments>
<arg>id=logout</arg>
</arguments>
<msg timestamp="20200217 14:00:33.691" level="INFO">Clicking element 'id=logout'.</msg>
<status status="PASS" starttime="20200217 14:00:33.690" endtime="20200217 14:00:33.843"></status>
</kw>
<status status="PASS" starttime="20200217 14:00:33.580" endtime="20200217 14:00:33.843"></status>
</kw>
<status status="PASS" starttime="20200217 14:00:32.672" endtime="20200217 14:00:33.844"></status>
</kw>
<status status="PASS" starttime="20200217 14:00:32.670" endtime="20200217 14:00:33.844" critical="yes"></status>
</test>
<test id="s1-s1-s1-t3" name="LoginTest with username 01222333331 password 161186 for Role مفتش فى التفتيش الفني">
<kw name="HappyLogin">
<arguments>
<arg>01222333331</arg>
<arg>161186</arg>
<arg>مفتش فى التفتيش الفني</arg>
</arguments>
<kw name="Wait Until Page Contains Element" library="SeleniumLibrary">
<doc>Waits until the element ``locator`` appears on the current page.</doc>
<arguments>
<arg>id=submit</arg>
</arguments>
<status status="PASS" starttime="20200217 14:00:33.848" endtime="20200217 14:00:33.865"></status>
</kw>
<kw name="Wait For Condition" library="SeleniumLibrary">
<doc>Waits until ``condition`` is true or ``timeout`` expires.</doc>
<arguments>
<arg>return jQuery.active == 0</arg>
</arguments>
<status status="PASS" starttime="20200217 14:00:33.865" endtime="20200217 14:00:33.875"></status>
</kw>
<kw name="Input login username" library="login_resource">
<arguments>
<arg>${username}</arg>
</arguments>
<kw name="Input Text" library="SeleniumLibrary">
<doc>Types the given ``text`` into the text field identified by ``locator``.</doc>
<arguments>
<arg>id=phoneNumber</arg>
<arg>${username}</arg>
</arguments>
<msg timestamp="20200217 14:00:33.877" level="INFO">Typing text '01222333331' into text field 'id=phoneNumber'.</msg>
<status status="PASS" starttime="20200217 14:00:33.876" endtime="20200217 14:00:34.101"></status>
</kw>
<status status="PASS" starttime="20200217 14:00:33.876" endtime="20200217 14:00:34.102"></status>
</kw>
<kw name="Input login password" library="login_resource">
<arguments>
<arg>${password}</arg>
</arguments>
<kw name="Input Password" library="SeleniumLibrary">
<doc>Types the given password into the text field identified by ``locator``.</doc>
<arguments>
<arg>id=password</arg>
<arg>${password}</arg>
</arguments>
<msg timestamp="20200217 14:00:34.104" level="INFO">Typing password into text field 'id=password'.</msg>
<status status="PASS" starttime="20200217 14:00:34.104" endtime="20200217 14:00:34.258"></status>
</kw>
<status status="PASS" starttime="20200217 14:00:34.103" endtime="20200217 14:00:34.258"></status>
</kw>
<kw name="Click login btn" library="login_resource">
<kw name="Click Button" library="SeleniumLibrary">
<doc>Clicks the button identified by ``locator``.</doc>
<arguments>
<arg>id=submit</arg>
</arguments>
<msg timestamp="20200217 14:00:34.260" level="INFO">Clicking button 'id=submit'.</msg>
<status status="PASS" starttime="20200217 14:00:34.259" endtime="20200217 14:00:34.343"></status>
</kw>
<status status="PASS" starttime="20200217 14:00:34.259" endtime="20200217 14:00:34.344"></status>
</kw>
<kw name="Wait Until Page Contains Element" library="SeleniumLibrary">
<doc>Waits until the element ``locator`` appears on the current page.</doc>
<arguments>
<arg>id=audit</arg>
</arguments>
<status status="PASS" starttime="20200217 14:00:34.345" endtime="20200217 14:00:34.583"></status>
</kw>
<kw name="Wait For Condition" library="SeleniumLibrary">
<doc>Waits until ``condition`` is true or ``timeout`` expires.</doc>
<arguments>
<arg>return jQuery.active == 0</arg>
</arguments>
<status status="PASS" starttime="20200217 14:00:34.584" endtime="20200217 14:00:34.590"></status>
</kw>
<kw name="Assert on login for all users" library="login_resource">
<arguments>
<arg>${Role}</arg>
</arguments>
<kw name="Element Text Should Be" library="SeleniumLibrary">
<doc>Verifies that element ``locator`` contains exact the text ``expected``.</doc>
<arguments>
<arg>id=userRole</arg>
<arg>${Role}</arg>
</arguments>
<msg timestamp="20200217 14:00:34.592" level="INFO">Verifying element 'id=userRole' contains exact text 'مفتش فى التفتيش الفني'.</msg>
<status status="PASS" starttime="20200217 14:00:34.592" endtime="20200217 14:00:34.623"></status>
</kw>
<status status="PASS" starttime="20200217 14:00:34.591" endtime="20200217 14:00:34.624"></status>
</kw>
<kw name="Click logout btn" library="login_resource">
<kw name="Click Element" library="SeleniumLibrary">
<doc>Click the element identified by ``locator``.</doc>
<arguments>
<arg>id=user_info</arg>
</arguments>
<msg timestamp="20200217 14:00:34.625" level="INFO">Clicking element 'id=user_info'.</msg>
<status status="PASS" starttime="20200217 14:00:34.625" endtime="20200217 14:00:34.740"></status>
</kw>
<kw name="Wait For Condition" library="SeleniumLibrary">
<doc>Waits until ``condition`` is true or ``timeout`` expires.</doc>
<arguments>
<arg>return jQuery.active == 0</arg>
</arguments>
<status status="PASS" starttime="20200217 14:00:34.740" endtime="20200217 14:00:34.792"></status>
</kw>
<kw name="Click Element" library="SeleniumLibrary">
<doc>Click the element identified by ``locator``.</doc>
<arguments>
<arg>id=logout</arg>
</arguments>
<msg timestamp="20200217 14:00:34.793" level="INFO">Clicking element 'id=logout'.</msg>
<status status="PASS" starttime="20200217 14:00:34.793" endtime="20200217 14:00:34.932"></status>
</kw>
<status status="PASS" starttime="20200217 14:00:34.624" endtime="20200217 14:00:34.932"></status>
</kw>
<status status="PASS" starttime="20200217 14:00:33.847" endtime="20200217 14:00:34.933"></status>
</kw>
<status status="PASS" starttime="20200217 14:00:33.845" endtime="20200217 14:00:34.934" critical="yes"></status>
</test>
<test id="s1-s1-s1-t4" name="LoginTest with username 01222111118 password 388120 for Role رئيس لجنة التفتيش فى التفتيش القضائي">
<kw name="HappyLogin">
<arguments>
<arg>01222111118</arg>
<arg>388120</arg>
<arg>رئيس لجنة التفتيش فى التفتيش القضائي</arg>
</arguments>
<kw name="Wait Until Page Contains Element" library="SeleniumLibrary">
<doc>Waits until the element ``locator`` appears on the current page.</doc>
<arguments>
<arg>id=submit</arg>
</arguments>
<status status="PASS" starttime="20200217 14:00:34.940" endtime="20200217 14:00:34.953"></status>
</kw>
<kw name="Wait For Condition" library="SeleniumLibrary">
<doc>Waits until ``condition`` is true or ``timeout`` expires.</doc>
<arguments>
<arg>return jQuery.active == 0</arg>
</arguments>
<status status="PASS" starttime="20200217 14:00:34.954" endtime="20200217 14:00:34.961"></status>
</kw>
<kw name="Input login username" library="login_resource">
<arguments>
<arg>${username}</arg>
</arguments>
<kw name="Input Text" library="SeleniumLibrary">
<doc>Types the given ``text`` into the text field identified by ``locator``.</doc>
<arguments>
<arg>id=phoneNumber</arg>
<arg>${username}</arg>
</arguments>
<msg timestamp="20200217 14:00:34.962" level="INFO">Typing text '01222111118' into text field 'id=phoneNumber'.</msg>
<status status="PASS" starttime="20200217 14:00:34.962" endtime="20200217 14:00:35.178"></status>
</kw>
<status status="PASS" starttime="20200217 14:00:34.961" endtime="20200217 14:00:35.178"></status>
</kw>
<kw name="Input login password" library="login_resource">
<arguments>
<arg>${password}</arg>
</arguments>
<kw name="Input Password" library="SeleniumLibrary">
<doc>Types the given password into the text field identified by ``locator``.</doc>
<arguments>
<arg>id=password</arg>
<arg>${password}</arg>
</arguments>
<msg timestamp="20200217 14:00:35.180" level="INFO">Typing password into text field 'id=password'.</msg>
<status status="PASS" starttime="20200217 14:00:35.180" endtime="20200217 14:00:35.350"></status>
</kw>
<status status="PASS" starttime="20200217 14:00:35.179" endtime="20200217 14:00:35.351"></status>
</kw>
<kw name="Click login btn" library="login_resource">
<kw name="Click Button" library="SeleniumLibrary">
<doc>Clicks the button identified by ``locator``.</doc>
<arguments>
<arg>id=submit</arg>
</arguments>
<msg timestamp="20200217 14:00:35.354" level="INFO">Clicking button 'id=submit'.</msg>
<status status="PASS" starttime="20200217 14:00:35.353" endtime="20200217 14:00:35.453"></status>
</kw>
<status status="PASS" starttime="20200217 14:00:35.352" endtime="20200217 14:00:35.454"></status>
</kw>
<kw name="Wait Until Page Contains Element" library="SeleniumLibrary">
<doc>Waits until the element ``locator`` appears on the current page.</doc>
<arguments>
<arg>id=audit</arg>
</arguments>
<status status="PASS" starttime="20200217 14:00:35.455" endtime="20200217 14:00:35.733"></status>
</kw>
<kw name="Wait For Condition" library="SeleniumLibrary">
<doc>Waits until ``condition`` is true or ``timeout`` expires.</doc>
<arguments>
<arg>return jQuery.active == 0</arg>
</arguments>
<status status="PASS" starttime="20200217 14:00:35.734" endtime="20200217 14:00:35.740"></status>
</kw>
<kw name="Assert on login for all users" library="login_resource">
<arguments>
<arg>${Role}</arg>
</arguments>
<kw name="Element Text Should Be" library="SeleniumLibrary">
<doc>Verifies that element ``locator`` contains exact the text ``expected``.</doc>
<arguments>
<arg>id=userRole</arg>
<arg>${Role}</arg>
</arguments>
<msg timestamp="20200217 14:00:35.742" level="INFO">Verifying element 'id=userRole' contains exact text 'رئيس لجنة التفتيش فى التفتيش القضائي'.</msg>
<status status="PASS" starttime="20200217 14:00:35.741" endtime="20200217 14:00:35.769"></status>
</kw>
<status status="PASS" starttime="20200217 14:00:35.740" endtime="20200217 14:00:35.769"></status>
</kw>
<kw name="Click logout btn" library="login_resource">
<kw name="Click Element" library="SeleniumLibrary">
<doc>Click the element identified by ``locator``.</doc>
<arguments>
<arg>id=user_info</arg>
</arguments>
<msg timestamp="20200217 14:00:35.771" level="INFO">Clicking element 'id=user_info'.</msg>
<status status="PASS" starttime="20200217 14:00:35.770" endtime="20200217 14:00:35.917"></status>
</kw>
<kw name="Wait For Condition" library="SeleniumLibrary">
<doc>Waits until ``condition`` is true or ``timeout`` expires.</doc>
<arguments>
<arg>return jQuery.active == 0</arg>
</arguments>
<status status="PASS" starttime="20200217 14:00:35.918" endtime="20200217 14:00:35.926"></status>
</kw>
<kw name="Click Element" library="SeleniumLibrary">
<doc>Click the element identified by ``locator``.</doc>
<arguments>
<arg>id=logout</arg>
</arguments>
<msg timestamp="20200217 14:00:35.927" level="INFO">Clicking element 'id=logout'.</msg>
<status status="PASS" starttime="20200217 14:00:35.926" endtime="20200217 14:00:36.077"></status>
</kw>
<status status="PASS" starttime="20200217 14:00:35.770" endtime="20200217 14:00:36.078"></status>
</kw>
<status status="PASS" starttime="20200217 14:00:34.939" endtime="20200217 14:00:36.079"></status>
</kw>
<status status="PASS" starttime="20200217 14:00:34.936" endtime="20200217 14:00:36.079" critical="yes"></status>
</test>
<kw name="Close browsers" library="login_resource" type="teardown">
<kw name="Close All Browsers" library="SeleniumLibrary">
<doc>Closes all open browsers and resets the browser cache.</doc>
<status status="PASS" starttime="20200217 14:00:36.083" endtime="20200217 14:00:38.699"></status>
</kw>
<status status="PASS" starttime="20200217 14:00:36.082" endtime="20200217 14:00:38.700"></status>
</kw>
<status status="PASS" starttime="20200217 14:00:26.716" endtime="20200217 14:00:38.701"></status>
</suite>
<status status="PASS" starttime="20200217 14:00:26.713" endtime="20200217 14:00:38.716"></status>
</suite>
<status status="PASS" starttime="20200217 14:00:26.687" endtime="20200217 14:00:38.721"></status>
</suite>
<statistics>
<total>
<stat pass="4" fail="0">Critical Tests</stat>
<stat pass="4" fail="0">All Tests</stat>
</total>
<tag>
</tag>
<suite>
<stat pass="4" fail="0" id="s1" name="X117Project">X117Project</stat>
<stat pass="4" fail="0" id="s1-s1" name="Tests">X117Project.Tests</stat>
<stat pass="4" fail="0" id="s1-s1-s1" name="LoginWithFile">X117Project.Tests.LoginWithFile</stat>
</suite>
</statistics>
<errors>
</errors>
</robot>
